# JRE version: OpenJDK Runtime Environment (11.0.12+7) (build 11.0.12+7-b1504.28-7817840)
# Java VM: OpenJDK 64-Bit Server VM (11.0.12+7-b1504.28-7817840, mixed mode, tiered, compressed oops, g1 gc, windows-amd64)
Heap:
 garbage-first heap   total 183296K, used 95742K [0x0000000080000000, 0x0000000100000000)
  region size 1024K, 15 young (15360K), 2 survivors (2048K)
 Metaspace       used 68768K, capacity 70504K, committed 70528K, reserved 1110016K
  class space    used 8471K, capacity 9067K, committed 9088K, reserved 1048576K
GC Heap History (20 events):
Event: 405.945 GC heap before
{Heap before GC invocations=104 (full 0):
 garbage-first heap   total 183296K, used 157476K [0x0000000080000000, 0x0000000100000000)
  region size 1024K, 74 young (75776K), 6 survivors (6144K)
 Metaspace       used 68744K, capacity 70503K, committed 70528K, reserved 1110016K
  class space    used 8471K, capacity 9067K, committed 9088K, reserved 1048576K
}
Event: 405.950 GC heap after
{Heap after GC invocations=105 (full 0):
 garbage-first heap   total 183296K, used 89322K [0x0000000080000000, 0x0000000100000000)
  region size 1024K, 6 young (6144K), 6 survivors (6144K)
 Metaspace       used 68744K, capacity 70503K, committed 70528K, reserved 1110016K
  class space    used 8471K, capacity 9067K, committed 9088K, reserved 1048576K
}
Event: 406.167 GC heap before
{Heap before GC invocations=105 (full 0):
 garbage-first heap   total 183296K, used 156906K [0x0000000080000000, 0x0000000100000000)
  region size 1024K, 74 young (75776K), 6 survivors (6144K)
 Metaspace       used 68744K, capacity 70503K, committed 70528K, reserved 1110016K
  class space    used 8471K, capacity 9067K, committed 9088K, reserved 1048576K
}
Event: 406.170 GC heap after
{Heap after GC invocations=106 (full 0):
 garbage-first heap   total 183296K, used 89483K [0x0000000080000000, 0x0000000100000000)
  region size 1024K, 6 young (6144K), 6 survivors (6144K)
 Metaspace       used 68744K, capacity 70503K, committed 70528K, reserved 1110016K
  class space    used 8471K, capacity 9067K, committed 9088K, reserved 1048576K
}
Event: 406.448 GC heap before
{Heap before GC invocations=106 (full 0):
 garbage-first heap   total 183296K, used 157067K [0x0000000080000000, 0x0000000100000000)
  region size 1024K, 73 young (74752K), 6 survivors (6144K)
 Metaspace       used 68744K, capacity 70503K, committed 70528K, reserved 1110016K
  class space    used 8471K, capacity 9067K, committed 9088K, reserved 1048576K
}
Event: 406.453 GC heap after
{Heap after GC invocations=107 (full 0):
 garbage-first heap   total 183296K, used 87944K [0x0000000080000000, 0x0000000100000000)
  region size 1024K, 4 young (4096K), 4 survivors (4096K)
 Metaspace       used 68744K, capacity 70503K, committed 70528K, reserved 1110016K
  class space    used 8471K, capacity 9067K, committed 9088K, reserved 1048576K
}
Event: 407.126 GC heap before
{Heap before GC invocations=107 (full 0):
 garbage-first heap   total 183296K, used 157576K [0x0000000080000000, 0x0000000100000000)
  region size 1024K, 73 young (74752K), 4 survivors (4096K)
 Metaspace       used 68744K, capacity 70503K, committed 70528K, reserved 1110016K
  class space    used 8471K, capacity 9067K, committed 9088K, reserved 1048576K
}
Event: 407.130 GC heap after
{Heap after GC invocations=108 (full 0):
 garbage-first heap   total 183296K, used 88129K [0x0000000080000000, 0x0000000100000000)
  region size 1024K, 4 young (4096K), 4 survivors (4096K)
 Metaspace       used 68744K, capacity 70503K, committed 70528K, reserved 1110016K
  class space    used 8471K, capacity 9067K, committed 9088K, reserved 1048576K
}
Event: 408.258 GC heap before
{Heap before GC invocations=108 (full 0):
 garbage-first heap   total 183296K, used 157761K [0x0000000080000000, 0x0000000100000000)
  region size 1024K, 73 young (74752K), 4 survivors (4096K)
 Metaspace       used 68745K, capacity 70504K, committed 70528K, reserved 1110016K
  class space    used 8471K, capacity 9067K, committed 9088K, reserved 1048576K
}
Event: 408.259 GC heap after
{Heap after GC invocations=109 (full 0):
 garbage-first heap   total 183296K, used 82718K [0x0000000080000000, 0x0000000100000000)
  region size 1024K, 1 young (1024K), 1 survivors (1024K)
 Metaspace       used 68745K, capacity 70504K, committed 70528K, reserved 1110016K
  class space    used 8471K, capacity 9067K, committed 9088K, reserved 1048576K
}
Event: 409.875 GC heap before
{Heap before GC invocations=109 (full 0):
 garbage-first heap   total 183296K, used 156446K [0x0000000080000000, 0x0000000100000000)
  region size 1024K, 75 young (76800K), 1 survivors (1024K)
 Metaspace       used 68745K, capacity 70504K, committed 70528K, reserved 1110016K
  class space    used 8471K, capacity 9067K, committed 9088K, reserved 1048576K
}
Event: 409.877 GC heap after
{Heap after GC invocations=110 (full 0):
 garbage-first heap   total 183296K, used 83526K [0x0000000080000000, 0x0000000100000000)
  region size 1024K, 2 young (2048K), 2 survivors (2048K)
 Metaspace       used 68745K, capacity 70504K, committed 70528K, reserved 1110016K
  class space    used 8471K, capacity 9067K, committed 9088K, reserved 1048576K
}
Event: 410.287 GC heap before
{Heap before GC invocations=110 (full 0):
 garbage-first heap   total 183296K, used 156230K [0x0000000080000000, 0x0000000100000000)
  region size 1024K, 74 young (75776K), 2 survivors (2048K)
 Metaspace       used 68750K, capacity 70504K, committed 70528K, reserved 1110016K
  class space    used 8471K, capacity 9067K, committed 9088K, reserved 1048576K
}
Event: 410.289 GC heap after
{Heap after GC invocations=111 (full 0):
 garbage-first heap   total 183296K, used 83420K [0x0000000080000000, 0x0000000100000000)
  region size 1024K, 2 young (2048K), 2 survivors (2048K)
 Metaspace       used 68750K, capacity 70504K, committed 70528K, reserved 1110016K
  class space    used 8471K, capacity 9067K, committed 9088K, reserved 1048576K
}
Event: 410.864 GC heap before
{Heap before GC invocations=111 (full 0):
 garbage-first heap   total 183296K, used 157148K [0x0000000080000000, 0x0000000100000000)
  region size 1024K, 76 young (77824K), 2 survivors (2048K)
 Metaspace       used 68750K, capacity 70504K, committed 70528K, reserved 1110016K
  class space    used 8471K, capacity 9067K, committed 9088K, reserved 1048576K
}
Event: 410.866 GC heap after
{Heap after GC invocations=112 (full 0):
 garbage-first heap   total 183296K, used 83407K [0x0000000080000000, 0x0000000100000000)
  region size 1024K, 2 young (2048K), 2 survivors (2048K)
 Metaspace       used 68750K, capacity 70504K, committed 70528K, reserved 1110016K
  class space    used 8471K, capacity 9067K, committed 9088K, reserved 1048576K
}
Event: 411.149 GC heap before
{Heap before GC invocations=112 (full 0):
 garbage-first heap   total 183296K, used 157135K [0x0000000080000000, 0x0000000100000000)
  region size 1024K, 75 young (76800K), 2 survivors (2048K)
 Metaspace       used 68750K, capacity 70504K, committed 70528K, reserved 1110016K
  class space    used 8471K, capacity 9067K, committed 9088K, reserved 1048576K
}
Event: 411.151 GC heap after
{Heap after GC invocations=113 (full 0):
 garbage-first heap   total 183296K, used 83090K [0x0000000080000000, 0x0000000100000000)
  region size 1024K, 1 young (1024K), 1 survivors (1024K)
 Metaspace       used 68750K, capacity 70504K, committed 70528K, reserved 1110016K
  class space    used 8471K, capacity 9067K, committed 9088K, reserved 1048576K
}
Event: 411.794 GC heap before
{Heap before GC invocations=113 (full 0):
 garbage-first heap   total 183296K, used 158866K [0x0000000080000000, 0x0000000100000000)
  region size 1024K, 75 young (76800K), 1 survivors (1024K)
 Metaspace       used 68766K, capacity 70504K, committed 70528K, reserved 1110016K
  class space    used 8471K, capacity 9067K, committed 9088K, reserved 1048576K
}
Event: 411.795 GC heap after
{Heap after GC invocations=114 (full 0):
 garbage-first heap   total 183296K, used 83633K [0x0000000080000000, 0x0000000100000000)
  region size 1024K, 2 young (2048K), 2 survivors (2048K)
 Metaspace       used 68766K, capacity 70504K, committed 70528K, reserved 1110016K
  class space    used 8471K, capacity 9067K, committed 9088K, reserved 1048576K
}

