# JRE version: OpenJDK Runtime Environment (11.0.12+7) (build 11.0.12+7-b1504.28-7817840)
# Java VM: OpenJDK 64-Bit Server VM (11.0.12+7-b1504.28-7817840, mixed mode, tiered, compressed oops, g1 gc, windows-amd64)
Heap:
 garbage-first heap   total 430080K, used 204479K [0x0000000080000000, 0x0000000100000000)
  region size 1024K, 2 young (2048K), 2 survivors (2048K)
 Metaspace       used 118595K, capacity 121806K, committed 122060K, reserved 1155072K
  class space    used 15081K, capacity 16305K, committed 16332K, reserved 1048576K
GC Heap History (20 events):
Event: 112.748 GC heap after
{Heap after GC invocations=70 (full 0):
 garbage-first heap   total 221184K, used 157215K [0x0000000080000000, 0x0000000100000000)
  region size 1024K, 2 young (2048K), 2 survivors (2048K)
 Metaspace       used 112619K, capacity 115543K, committed 115660K, reserved 1148928K
  class space    used 14151K, capacity 15239K, committed 15308K, reserved 1048576K
}
Event: 113.108 GC heap before
{Heap before GC invocations=70 (full 0):
 garbage-first heap   total 221184K, used 174623K [0x0000000080000000, 0x0000000100000000)
  region size 1024K, 20 young (20480K), 2 survivors (2048K)
 Metaspace       used 114811K, capacity 117814K, committed 117964K, reserved 1150976K
  class space    used 14620K, capacity 15752K, committed 15820K, reserved 1048576K
}
Event: 113.121 GC heap after
{Heap after GC invocations=71 (full 0):
 garbage-first heap   total 221184K, used 163223K [0x0000000080000000, 0x0000000100000000)
  region size 1024K, 3 young (3072K), 3 survivors (3072K)
 Metaspace       used 114811K, capacity 117814K, committed 117964K, reserved 1150976K
  class space    used 14620K, capacity 15752K, committed 15820K, reserved 1048576K
}
Event: 113.421 GC heap before
{Heap before GC invocations=71 (full 0):
 garbage-first heap   total 221184K, used 179607K [0x0000000080000000, 0x0000000100000000)
  region size 1024K, 19 young (19456K), 3 survivors (3072K)
 Metaspace       used 114937K, capacity 117945K, committed 118220K, reserved 1150976K
  class space    used 14620K, capacity 15751K, committed 15820K, reserved 1048576K
}
Event: 113.438 GC heap after
{Heap after GC invocations=72 (full 0):
 garbage-first heap   total 221184K, used 171498K [0x0000000080000000, 0x0000000100000000)
  region size 1024K, 3 young (3072K), 3 survivors (3072K)
 Metaspace       used 114937K, capacity 117945K, committed 118220K, reserved 1150976K
  class space    used 14620K, capacity 15751K, committed 15820K, reserved 1048576K
}
Event: 113.544 GC heap before
{Heap before GC invocations=73 (full 0):
 garbage-first heap   total 221184K, used 183785K [0x0000000080000000, 0x0000000100000000)
  region size 1024K, 15 young (15360K), 3 survivors (3072K)
 Metaspace       used 114996K, capacity 118018K, committed 118220K, reserved 1150976K
  class space    used 14620K, capacity 15751K, committed 15820K, reserved 1048576K
}
Event: 113.556 GC heap after
{Heap after GC invocations=74 (full 0):
 garbage-first heap   total 221184K, used 178305K [0x0000000080000000, 0x0000000100000000)
  region size 1024K, 2 young (2048K), 2 survivors (2048K)
 Metaspace       used 114996K, capacity 118018K, committed 118220K, reserved 1150976K
  class space    used 14620K, capacity 15751K, committed 15820K, reserved 1048576K
}
Event: 113.629 GC heap before
{Heap before GC invocations=74 (full 0):
 garbage-first heap   total 221184K, used 185473K [0x0000000080000000, 0x0000000100000000)
  region size 1024K, 10 young (10240K), 2 survivors (2048K)
 Metaspace       used 115008K, capacity 118022K, committed 118220K, reserved 1150976K
  class space    used 14620K, capacity 15751K, committed 15820K, reserved 1048576K
}
Event: 113.645 GC heap after
{Heap after GC invocations=75 (full 0):
 garbage-first heap   total 221184K, used 179820K [0x0000000080000000, 0x0000000100000000)
  region size 1024K, 2 young (2048K), 2 survivors (2048K)
 Metaspace       used 115008K, capacity 118022K, committed 118220K, reserved 1150976K
  class space    used 14620K, capacity 15751K, committed 15820K, reserved 1048576K
}
Event: 113.835 GC heap before
{Heap before GC invocations=75 (full 0):
 garbage-first heap   total 221184K, used 188012K [0x0000000080000000, 0x0000000100000000)
  region size 1024K, 10 young (10240K), 2 survivors (2048K)
 Metaspace       used 115315K, capacity 118323K, committed 118476K, reserved 1153024K
  class space    used 14657K, capacity 15787K, committed 15820K, reserved 1048576K
}
Event: 113.849 GC heap after
{Heap after GC invocations=76 (full 0):
 garbage-first heap   total 221184K, used 183623K [0x0000000080000000, 0x0000000100000000)
  region size 1024K, 2 young (2048K), 2 survivors (2048K)
 Metaspace       used 115315K, capacity 118323K, committed 118476K, reserved 1153024K
  class space    used 14657K, capacity 15787K, committed 15820K, reserved 1048576K
}
Event: 114.356 GC heap before
{Heap before GC invocations=77 (full 0):
 garbage-first heap   total 221184K, used 187719K [0x0000000080000000, 0x0000000100000000)
  region size 1024K, 10 young (10240K), 2 survivors (2048K)
 Metaspace       used 116981K, capacity 120061K, committed 120268K, reserved 1153024K
  class space    used 14892K, capacity 16056K, committed 16076K, reserved 1048576K
}
Event: 114.369 GC heap after
{Heap after GC invocations=78 (full 0):
 garbage-first heap   total 328704K, used 180450K [0x0000000080000000, 0x0000000100000000)
  region size 1024K, 1 young (1024K), 1 survivors (1024K)
 Metaspace       used 116981K, capacity 120061K, committed 120268K, reserved 1153024K
  class space    used 14892K, capacity 16056K, committed 16076K, reserved 1048576K
}
Event: 114.630 GC heap before
{Heap before GC invocations=78 (full 0):
 garbage-first heap   total 328704K, used 195810K [0x0000000080000000, 0x0000000100000000)
  region size 1024K, 16 young (16384K), 1 survivors (1024K)
 Metaspace       used 117627K, capacity 120821K, committed 120908K, reserved 1155072K
  class space    used 14971K, capacity 16156K, committed 16204K, reserved 1048576K
}
Event: 114.639 GC heap after
{Heap after GC invocations=79 (full 0):
 garbage-first heap   total 328704K, used 180998K [0x0000000080000000, 0x0000000100000000)
  region size 1024K, 2 young (2048K), 2 survivors (2048K)
 Metaspace       used 117627K, capacity 120821K, committed 120908K, reserved 1155072K
  class space    used 14971K, capacity 16156K, committed 16204K, reserved 1048576K
}
Event: 115.432 GC heap before
{Heap before GC invocations=79 (full 0):
 garbage-first heap   total 328704K, used 225030K [0x0000000080000000, 0x0000000100000000)
  region size 1024K, 43 young (44032K), 2 survivors (2048K)
 Metaspace       used 118277K, capacity 121488K, committed 121804K, reserved 1155072K
  class space    used 15044K, capacity 16244K, committed 16332K, reserved 1048576K
}
Event: 115.445 GC heap after
{Heap after GC invocations=80 (full 0):
 garbage-first heap   total 328704K, used 187070K [0x0000000080000000, 0x0000000100000000)
  region size 1024K, 5 young (5120K), 5 survivors (5120K)
 Metaspace       used 118277K, capacity 121488K, committed 121804K, reserved 1155072K
  class space    used 15044K, capacity 16244K, committed 16332K, reserved 1048576K
}
Event: 116.073 GC heap before
{Heap before GC invocations=81 (full 0):
 garbage-first heap   total 328704K, used 232126K [0x0000000080000000, 0x0000000100000000)
  region size 1024K, 48 young (49152K), 5 survivors (5120K)
 Metaspace       used 118568K, capacity 121802K, committed 122060K, reserved 1155072K
  class space    used 15079K, capacity 16304K, committed 16332K, reserved 1048576K
}
Event: 116.096 GC heap after
{Heap after GC invocations=82 (full 0):
 garbage-first heap   total 328704K, used 196804K [0x0000000080000000, 0x0000000100000000)
  region size 1024K, 6 young (6144K), 6 survivors (6144K)
 Metaspace       used 118568K, capacity 121802K, committed 122060K, reserved 1155072K
  class space    used 15079K, capacity 16304K, committed 16332K, reserved 1048576K
}
Event: 116.197 GC heap before
{Heap before GC invocations=82 (full 0):
 garbage-first heap   total 328704K, used 213188K [0x0000000080000000, 0x0000000100000000)
  region size 1024K, 16 young (16384K), 6 survivors (6144K)
 Metaspace       used 118595K, capacity 121806K, committed 122060K, reserved 1155072K
  class space    used 15081K, capacity 16305K, committed 16332K, reserved 1048576K
}

