# JRE version: OpenJDK Runtime Environment (11.0.12+7) (build 11.0.12+7-b1504.28-7817840)
# Java VM: OpenJDK 64-Bit Server VM (11.0.12+7-b1504.28-7817840, mixed mode, tiered, compressed oops, g1 gc, windows-amd64)
Heap:
 garbage-first heap   total 303104K, used 165112K [0x0000000080000000, 0x0000000100000000)
  region size 1024K, 2 young (2048K), 2 survivors (2048K)
 Metaspace       used 109124K, capacity 111863K, committed 112384K, reserved 1146880K
  class space    used 13872K, capacity 14958K, committed 15104K, reserved 1048576K
GC Heap History (20 events):
Event: 44.593 GC heap after
{Heap after GC invocations=57 (full 0):
 garbage-first heap   total 251904K, used 108406K [0x0000000080000000, 0x0000000100000000)
  region size 1024K, 6 young (6144K), 6 survivors (6144K)
 Metaspace       used 100059K, capacity 102319K, committed 102528K, reserved 1138688K
  class space    used 12541K, capacity 13384K, committed 13440K, reserved 1048576K
}
Event: 45.975 GC heap before
{Heap before GC invocations=57 (full 0):
 garbage-first heap   total 251904K, used 185206K [0x0000000080000000, 0x0000000100000000)
  region size 1024K, 80 young (81920K), 6 survivors (6144K)
 Metaspace       used 100203K, capacity 102530K, committed 102784K, reserved 1138688K
  class space    used 12558K, capacity 13435K, committed 13440K, reserved 1048576K
}
Event: 45.979 GC heap after
{Heap after GC invocations=58 (full 0):
 garbage-first heap   total 251904K, used 106639K [0x0000000080000000, 0x0000000100000000)
  region size 1024K, 2 young (2048K), 2 survivors (2048K)
 Metaspace       used 100203K, capacity 102530K, committed 102784K, reserved 1138688K
  class space    used 12558K, capacity 13435K, committed 13440K, reserved 1048576K
}
Event: 46.715 GC heap before
{Heap before GC invocations=58 (full 0):
 garbage-first heap   total 251904K, used 153743K [0x0000000080000000, 0x0000000100000000)
  region size 1024K, 42 young (43008K), 2 survivors (2048K)
 Metaspace       used 100519K, capacity 102816K, committed 103168K, reserved 1138688K
  class space    used 12597K, capacity 13455K, committed 13568K, reserved 1048576K
}
Event: 46.722 GC heap after
{Heap after GC invocations=59 (full 0):
 garbage-first heap   total 251904K, used 108783K [0x0000000080000000, 0x0000000100000000)
  region size 1024K, 2 young (2048K), 2 survivors (2048K)
 Metaspace       used 100519K, capacity 102816K, committed 103168K, reserved 1138688K
  class space    used 12597K, capacity 13455K, committed 13568K, reserved 1048576K
}
Event: 47.320 GC heap before
{Heap before GC invocations=60 (full 0):
 garbage-first heap   total 251904K, used 195823K [0x0000000080000000, 0x0000000100000000)
  region size 1024K, 81 young (82944K), 2 survivors (2048K)
 Metaspace       used 101575K, capacity 103940K, committed 104064K, reserved 1140736K
  class space    used 12732K, capacity 13616K, committed 13696K, reserved 1048576K
}
Event: 47.335 GC heap after
{Heap after GC invocations=61 (full 0):
 garbage-first heap   total 251904K, used 119890K [0x0000000080000000, 0x0000000100000000)
  region size 1024K, 11 young (11264K), 11 survivors (11264K)
 Metaspace       used 101575K, capacity 103940K, committed 104064K, reserved 1140736K
  class space    used 12732K, capacity 13616K, committed 13696K, reserved 1048576K
}
Event: 47.352 GC heap before
{Heap before GC invocations=61 (full 0):
 garbage-first heap   total 251904K, used 120914K [0x0000000080000000, 0x0000000100000000)
  region size 1024K, 12 young (12288K), 11 survivors (11264K)
 Metaspace       used 101598K, capacity 103940K, committed 104064K, reserved 1140736K
  class space    used 12735K, capacity 13616K, committed 13696K, reserved 1048576K
}
Event: 47.362 GC heap after
{Heap after GC invocations=62 (full 0):
 garbage-first heap   total 251904K, used 103330K [0x0000000080000000, 0x0000000100000000)
  region size 1024K, 2 young (2048K), 2 survivors (2048K)
 Metaspace       used 101598K, capacity 103940K, committed 104064K, reserved 1140736K
  class space    used 12735K, capacity 13616K, committed 13696K, reserved 1048576K
}
Event: 48.205 GC heap before
{Heap before GC invocations=62 (full 0):
 garbage-first heap   total 251904K, used 183202K [0x0000000080000000, 0x0000000100000000)
  region size 1024K, 81 young (82944K), 2 survivors (2048K)
 Metaspace       used 104874K, capacity 107495K, committed 107648K, reserved 1142784K
  class space    used 13216K, capacity 14205K, committed 14208K, reserved 1048576K
}
Event: 48.219 GC heap after
{Heap after GC invocations=63 (full 0):
 garbage-first heap   total 251904K, used 120818K [0x0000000080000000, 0x0000000100000000)
  region size 1024K, 11 young (11264K), 11 survivors (11264K)
 Metaspace       used 104874K, capacity 107495K, committed 107648K, reserved 1142784K
  class space    used 13216K, capacity 14205K, committed 14208K, reserved 1048576K
}
Event: 48.881 GC heap before
{Heap before GC invocations=63 (full 0):
 garbage-first heap   total 251904K, used 189426K [0x0000000080000000, 0x0000000100000000)
  region size 1024K, 79 young (80896K), 11 survivors (11264K)
 Metaspace       used 107033K, capacity 109724K, committed 109824K, reserved 1144832K
  class space    used 13485K, capacity 14501K, committed 14592K, reserved 1048576K
}
Event: 48.905 GC heap after
{Heap after GC invocations=64 (full 0):
 garbage-first heap   total 251904K, used 134274K [0x0000000080000000, 0x0000000100000000)
  region size 1024K, 10 young (10240K), 10 survivors (10240K)
 Metaspace       used 107033K, capacity 109724K, committed 109824K, reserved 1144832K
  class space    used 13485K, capacity 14501K, committed 14592K, reserved 1048576K
}
Event: 49.060 GC heap before
{Heap before GC invocations=64 (full 0):
 garbage-first heap   total 251904K, used 192642K [0x0000000080000000, 0x0000000100000000)
  region size 1024K, 68 young (69632K), 10 survivors (10240K)
 Metaspace       used 107793K, capacity 110663K, committed 110848K, reserved 1144832K
  class space    used 13671K, capacity 14815K, committed 14848K, reserved 1048576K
}
Event: 49.094 GC heap after
{Heap after GC invocations=65 (full 0):
 garbage-first heap   total 251904K, used 146322K [0x0000000080000000, 0x0000000100000000)
  region size 1024K, 9 young (9216K), 9 survivors (9216K)
 Metaspace       used 107793K, capacity 110663K, committed 110848K, reserved 1144832K
  class space    used 13671K, capacity 14815K, committed 14848K, reserved 1048576K
}
Event: 49.364 GC heap before
{Heap before GC invocations=65 (full 0):
 garbage-first heap   total 251904K, used 198546K [0x0000000080000000, 0x0000000100000000)
  region size 1024K, 60 young (61440K), 9 survivors (9216K)
 Metaspace       used 107991K, capacity 110646K, committed 111232K, reserved 1144832K
  class space    used 13668K, capacity 14723K, committed 14976K, reserved 1048576K
}
Event: 49.387 GC heap after
{Heap after GC invocations=66 (full 0):
 garbage-first heap   total 251904K, used 157145K [0x0000000080000000, 0x0000000100000000)
  region size 1024K, 8 young (8192K), 8 survivors (8192K)
 Metaspace       used 107991K, capacity 110646K, committed 111232K, reserved 1144832K
  class space    used 13668K, capacity 14723K, committed 14976K, reserved 1048576K
}
Event: 49.554 GC heap before
{Heap before GC invocations=67 (full 0):
 garbage-first heap   total 251904K, used 202201K [0x0000000080000000, 0x0000000100000000)
  region size 1024K, 52 young (53248K), 8 survivors (8192K)
 Metaspace       used 109024K, capacity 111787K, committed 112128K, reserved 1146880K
  class space    used 13860K, capacity 14954K, committed 15104K, reserved 1048576K
}
Event: 49.575 GC heap after
{Heap after GC invocations=68 (full 0):
 garbage-first heap   total 251904K, used 165526K [0x0000000080000000, 0x0000000100000000)
  region size 1024K, 7 young (7168K), 7 survivors (7168K)
 Metaspace       used 109024K, capacity 111787K, committed 112128K, reserved 1146880K
  class space    used 13860K, capacity 14954K, committed 15104K, reserved 1048576K
}
Event: 49.597 GC heap before
{Heap before GC invocations=68 (full 0):
 garbage-first heap   total 251904K, used 170646K [0x0000000080000000, 0x0000000100000000)
  region size 1024K, 12 young (12288K), 7 survivors (7168K)
 Metaspace       used 109124K, capacity 111863K, committed 112384K, reserved 1146880K
  class space    used 13872K, capacity 14958K, committed 15104K, reserved 1048576K
}

